#
# There is insufficient memory for the Java Runtime Environment to continue.
# Native memory allocation (malloc) failed to allocate 1258896 bytes for Chunk::new
# Possible reasons:
#   The system is out of physical RAM or swap space
#   The process is running with CompressedOops enabled, and the Java Heap may be blocking the growth of the native heap
# Possible solutions:
#   Reduce memory load on the system
#   Increase physical memory or swap space
#   Check if swap backing store is full
#   Decrease Java heap size (-Xmx/-Xms)
#   Decrease number of Java threads
#   Decrease Java thread stack sizes (-Xss)
#   Set larger code cache with -XX:ReservedCodeCacheSize=
#   JVM is running with Unscaled Compressed Oops mode in which the Java heap is
#     placed in the first 4GB address space. The Java Heap base address is the
#     maximum limit for the native heap growth. Please use -XX:HeapBaseMinAddress
#     to set the Java Heap base and to place the Java Heap above 4GB virtual address.
# This output file may be truncated or incomplete.
#
#  Out of Memory Error (allocation.cpp:389), pid=17104, tid=0x000000000000503c
#
# JRE version: Java(TM) SE Runtime Environment (8.0_212-b10) (build 1.8.0_212-b10)
# Java VM: Java HotSpot(TM) 64-Bit Server VM (25.212-b10 mixed mode windows-amd64 compressed oops)
# Failed to write core dump. Minidumps are not enabled by default on client versions of Windows
#

---------------  T H R E A D  ---------------

Current thread (0x00000000156c3000):  JavaThread "C2 CompilerThread0" daemon [_thread_in_native, id=20540, stack(0x0000000016cf0000,0x0000000016df0000)]

Stack: [0x0000000016cf0000,0x0000000016df0000]
[error occurred during error reporting (printing stack bounds), id 0xc0000005]

Native frames: (J=compiled Java code, j=interpreted, Vv=VM code, C=native code)


Current CompileTask:
C2:  30623 5934       4       org.springframework.core.type.AnnotatedTypeMetadata::getAnnotationAttributes (40 bytes)


---------------  P R O C E S S  ---------------

Java Threads: ( => current thread )
  0x0000000017791000 JavaThread "JMX server connection timeout 18" daemon [_thread_blocked, id=14188, stack(0x000000001b680000,0x000000001b780000)]
  0x000000001727f800 JavaThread "RMI TCP Connection(2)-192.168.1.4" daemon [_thread_in_native, id=10964, stack(0x000000001b580000,0x000000001b680000)]
  0x000000001884e000 JavaThread "JMX server connection timeout 15" daemon [_thread_blocked, id=11808, stack(0x0000000019bb0000,0x0000000019cb0000)]
  0x0000000018669000 JavaThread "RMI Scheduler(0)" daemon [_thread_blocked, id=11664, stack(0x0000000019ab0000,0x0000000019bb0000)]
  0x0000000018006800 JavaThread "RMI TCP Connection(1)-192.168.1.4" daemon [_thread_in_native, id=21896, stack(0x00000000199b0000,0x0000000019ab0000)]
  0x0000000018024800 JavaThread "RMI TCP Accept-0" daemon [_thread_in_native, id=5880, stack(0x00000000196b0000,0x00000000197b0000)]
  0x00000000178cc800 JavaThread "ReaderThread" [_thread_in_native, id=8256, stack(0x0000000017df0000,0x0000000017ef0000)]
  0x0000000017008800 JavaThread "Service Thread" daemon [_thread_blocked, id=8660, stack(0x00000000173f0000,0x00000000174f0000)]
  0x00000000156dd000 JavaThread "C1 CompilerThread2" daemon [_thread_blocked, id=11552, stack(0x0000000016ef0000,0x0000000016ff0000)]
  0x00000000156d1000 JavaThread "C2 CompilerThread1" daemon [_thread_in_native, id=16360, stack(0x0000000016df0000,0x0000000016ef0000)]
=>0x00000000156c3000 JavaThread "C2 CompilerThread0" daemon [_thread_in_native, id=20540, stack(0x0000000016cf0000,0x0000000016df0000)]
  0x00000000156bf800 JavaThread "Attach Listener" daemon [_thread_blocked, id=2988, stack(0x0000000016bf0000,0x0000000016cf0000)]
  0x00000000156be000 JavaThread "Signal Dispatcher" daemon [_thread_blocked, id=5664, stack(0x0000000016af0000,0x0000000016bf0000)]
  0x000000001569d000 JavaThread "Finalizer" daemon [_thread_blocked, id=296, stack(0x0000000016900000,0x0000000016a00000)]
  0x000000001569a000 JavaThread "Reference Handler" daemon [_thread_blocked, id=17920, stack(0x0000000016800000,0x0000000016900000)]
  0x0000000002fb7800 JavaThread "main" [_thread_in_vm, id=3624, stack(0x0000000002eb0000,0x0000000002fb0000)]

Other Threads:
  0x0000000015678000 VMThread [stack: 0x0000000016700000,0x0000000016800000] [id=9872]
  0x000000001705a000 WatcherThread [stack: 0x00000000174f0000,0x00000000175f0000] [id=16856]

VM state:not at safepoint (normal execution)

VM Mutex/Monitor currently owned by a thread: None

heap address: 0x00000000c1600000, size: 1002 MB, Compressed Oops mode: 32-bit
Narrow klass base: 0x0000000000000000, Narrow klass shift: 3
Compressed class space size: 1073741824 Address: 0x0000000100000000

Heap:
 PSYoungGen      total 124416K, used 43622K [0x00000000eb200000, 0x00000000f3280000, 0x0000000100000000)
  eden space 117248K, 31% used [0x00000000eb200000,0x00000000ed6904d0,0x00000000f2480000)
  from space 7168K, 86% used [0x00000000f2b80000,0x00000000f3189578,0x00000000f3280000)
  to   space 7168K, 0% used [0x00000000f2480000,0x00000000f2480000,0x00000000f2b80000)
 ParOldGen       total 48640K, used 24281K [0x00000000c1600000, 0x00000000c4580000, 0x00000000eb200000)
  object space 48640K, 49% used [0x00000000c1600000,0x00000000c2db66c0,0x00000000c4580000)
 Metaspace       used 51160K, capacity 52952K, committed 53288K, reserved 1095680K
  class space    used 6982K, capacity 7349K, committed 7464K, reserved 1048576K

Card table byte_map: [0x0000000012470000,0x0000000012670000] byte_map_base: 0x0000000011e65000

Marking Bits: (ParMarkBitMap*) 0x0000000064485ce0
 Begin Bits: [0x0000000012bc0000, 0x0000000013b68000)
 End Bits:   [0x0000000013b68000, 0x0000000014b10000)

Polling page: 0x00000000014b0000

CodeCache: size=245760Kb used=19171Kb max_used=19171Kb free=226588Kb
 bounds [0x00000000030b0000, 0x0000000004380000, 0x00000000120b0000]
 total_blobs=6010 nmethods=5501 adapters=419
 compilation: enabled

Compilation events (10 events):
Event: 30.561 Thread 0x00000000156dd000 6019       3       org.springframework.boot.test.mock.mockito.MockitoPostProcessor$$Lambda$360/1833707324::doWith (13 bytes)
Event: 30.564 Thread 0x00000000156dd000 nmethod 6019 0x00000000043737d0 code [0x00000000043739a0, 0x00000000043740e8]
Event: 30.564 Thread 0x00000000156dd000 6020       3       org.springframework.boot.test.mock.mockito.MockitoPostProcessor::lambda$postProcessPropertyValues$0 (7 bytes)
Event: 30.565 Thread 0x00000000156dd000 nmethod 6020 0x00000000043744d0 code [0x0000000004374680, 0x0000000004374d48]
Event: 30.565 Thread 0x00000000156dd000 6021       3       org.springframework.boot.test.mock.mockito.MockitoPostProcessor::postProcessField (29 bytes)
Event: 30.566 Thread 0x00000000156dd000 nmethod 6021 0x0000000004375050 code [0x0000000004375200, 0x0000000004375868]
Event: 30.567 Thread 0x00000000156dd000 6022   !   3       org.springframework.core.annotation.RepeatableContainers$ExplicitRepeatableContainer::<init> (195 bytes)
Event: 30.573 Thread 0x00000000156dd000 nmethod 6022 0x0000000004375a90 code [0x0000000004375fa0, 0x0000000004379258]
Event: 30.592 Thread 0x00000000156dd000 6023       3       java.beans.PropertyDescriptor::setPropertyType (9 bytes)
Event: 30.593 Thread 0x00000000156dd000 nmethod 6023 0x000000000437b010 code [0x000000000437b1a0, 0x000000000437b528]

GC Heap History (10 events):
Event: 16.106 GC heap before
{Heap before GC invocations=12 (full 1):
 PSYoungGen      total 87040K, used 87025K [0x00000000eb200000, 0x00000000f1580000, 0x0000000100000000)
  eden space 81408K, 100% used [0x00000000eb200000,0x00000000f0180000,0x00000000f0180000)
  from space 5632K, 99% used [0x00000000f0800000,0x00000000f0d7c668,0x00000000f0d80000)
  to   space 6656K, 0% used [0x00000000f0180000,0x00000000f0180000,0x00000000f0800000)
 ParOldGen       total 29184K, used 7102K [0x00000000c1600000, 0x00000000c3280000, 0x00000000eb200000)
  object space 29184K, 24% used [0x00000000c1600000,0x00000000c1cef878,0x00000000c3280000)
 Metaspace       used 32480K, capacity 33918K, committed 34048K, reserved 1079296K
  class space    used 4290K, capacity 4596K, committed 4608K, reserved 1048576K
Event: 16.135 GC heap after
Heap after GC invocations=12 (full 1):
 PSYoungGen      total 88064K, used 6084K [0x00000000eb200000, 0x00000000f3280000, 0x0000000100000000)
  eden space 81408K, 0% used [0x00000000eb200000,0x00000000eb200000,0x00000000f0180000)
  from space 6656K, 91% used [0x00000000f0180000,0x00000000f0771188,0x00000000f0800000)
  to   space 7168K, 0% used [0x00000000f2b80000,0x00000000f2b80000,0x00000000f3280000)
 ParOldGen       total 29184K, used 9615K [0x00000000c1600000, 0x00000000c3280000, 0x00000000eb200000)
  object space 29184K, 32% used [0x00000000c1600000,0x00000000c1f63f50,0x00000000c3280000)
 Metaspace       used 32480K, capacity 33918K, committed 34048K, reserved 1079296K
  class space    used 4290K, capacity 4596K, committed 4608K, reserved 1048576K
}
Event: 17.531 GC heap before
{Heap before GC invocations=13 (full 1):
 PSYoungGen      total 88064K, used 31488K [0x00000000eb200000, 0x00000000f3280000, 0x0000000100000000)
  eden space 81408K, 31% used [0x00000000eb200000,0x00000000ecaceec8,0x00000000f0180000)
  from space 6656K, 91% used [0x00000000f0180000,0x00000000f0771188,0x00000000f0800000)
  to   space 7168K, 0% used [0x00000000f2b80000,0x00000000f2b80000,0x00000000f3280000)
 ParOldGen       total 29184K, used 9615K [0x00000000c1600000, 0x00000000c3280000, 0x00000000eb200000)
  object space 29184K, 32% used [0x00000000c1600000,0x00000000c1f63f50,0x00000000c3280000)
 Metaspace       used 33958K, capacity 35440K, committed 35496K, reserved 1079296K
  class space    used 4453K, capacity 4747K, committed 4776K, reserved 1048576K
Event: 17.559 GC heap after
Heap after GC invocations=13 (full 1):
 PSYoungGen      total 124416K, used 2197K [0x00000000eb200000, 0x00000000f3280000, 0x0000000100000000)
  eden space 117248K, 0% used [0x00000000eb200000,0x00000000eb200000,0x00000000f2480000)
  from space 7168K, 30% used [0x00000000f2b80000,0x00000000f2da56b0,0x00000000f3280000)
  to   space 7168K, 0% used [0x00000000f2480000,0x00000000f2480000,0x00000000f2b80000)
 ParOldGen       total 29184K, used 12367K [0x00000000c1600000, 0x00000000c3280000, 0x00000000eb200000)
  object space 29184K, 42% used [0x00000000c1600000,0x00000000c2213f60,0x00000000c3280000)
 Metaspace       used 33958K, capacity 35440K, committed 35496K, reserved 1079296K
  class space    used 4453K, capacity 4747K, committed 4776K, reserved 1048576K
}
Event: 17.559 GC heap before
{Heap before GC invocations=14 (full 2):
 PSYoungGen      total 124416K, used 2197K [0x00000000eb200000, 0x00000000f3280000, 0x0000000100000000)
  eden space 117248K, 0% used [0x00000000eb200000,0x00000000eb200000,0x00000000f2480000)
  from space 7168K, 30% used [0x00000000f2b80000,0x00000000f2da56b0,0x00000000f3280000)
  to   space 7168K, 0% used [0x00000000f2480000,0x00000000f2480000,0x00000000f2b80000)
 ParOldGen       total 29184K, used 12367K [0x00000000c1600000, 0x00000000c3280000, 0x00000000eb200000)
  object space 29184K, 42% used [0x00000000c1600000,0x00000000c2213f60,0x00000000c3280000)
 Metaspace       used 33958K, capacity 35440K, committed 35496K, reserved 1079296K
  class space    used 4453K, capacity 4747K, committed 4776K, reserved 1048576K
Event: 17.852 GC heap after
Heap after GC invocations=14 (full 2):
 PSYoungGen      total 124416K, used 0K [0x00000000eb200000, 0x00000000f3280000, 0x0000000100000000)
  eden space 117248K, 0% used [0x00000000eb200000,0x00000000eb200000,0x00000000f2480000)
  from space 7168K, 0% used [0x00000000f2b80000,0x00000000f2b80000,0x00000000f3280000)
  to   space 7168K, 0% used [0x00000000f2480000,0x00000000f2480000,0x00000000f2b80000)
 ParOldGen       total 48640K, used 12970K [0x00000000c1600000, 0x00000000c4580000, 0x00000000eb200000)
  object space 48640K, 26% used [0x00000000c1600000,0x00000000c22aaa28,0x00000000c4580000)
 Metaspace       used 33958K, capacity 35440K, committed 35496K, reserved 1079296K
  class space    used 4453K, capacity 4747K, committed 4776K, reserved 1048576K
}
Event: 24.968 GC heap before
{Heap before GC invocations=15 (full 2):
 PSYoungGen      total 124416K, used 117248K [0x00000000eb200000, 0x00000000f3280000, 0x0000000100000000)
  eden space 117248K, 100% used [0x00000000eb200000,0x00000000f2480000,0x00000000f2480000)
  from space 7168K, 0% used [0x00000000f2b80000,0x00000000f2b80000,0x00000000f3280000)
  to   space 7168K, 0% used [0x00000000f2480000,0x00000000f2480000,0x00000000f2b80000)
 ParOldGen       total 48640K, used 12970K [0x00000000c1600000, 0x00000000c4580000, 0x00000000eb200000)
  object space 48640K, 26% used [0x00000000c1600000,0x00000000c22aaa28,0x00000000c4580000)
 Metaspace       used 47537K, capacity 49226K, committed 49704K, reserved 1091584K
  class space    used 6510K, capacity 6828K, committed 6952K, reserved 1048576K
Event: 25.083 GC heap after
Heap after GC invocations=15 (full 2):
 PSYoungGen      total 124416K, used 7166K [0x00000000eb200000, 0x00000000f3280000, 0x0000000100000000)
  eden space 117248K, 0% used [0x00000000eb200000,0x00000000eb200000,0x00000000f2480000)
  from space 7168K, 99% used [0x00000000f2480000,0x00000000f2b7fba0,0x00000000f2b80000)
  to   space 7168K, 0% used [0x00000000f2b80000,0x00000000f2b80000,0x00000000f3280000)
 ParOldGen       total 48640K, used 20825K [0x00000000c1600000, 0x00000000c4580000, 0x00000000eb200000)
  object space 48640K, 42% used [0x00000000c1600000,0x00000000c2a56420,0x00000000c4580000)
 Metaspace       used 47537K, capacity 49226K, committed 49704K, reserved 1091584K
  class space    used 6510K, capacity 6828K, committed 6952K, reserved 1048576K
}
Event: 29.486 GC heap before
{Heap before GC invocations=16 (full 2):
 PSYoungGen      total 124416K, used 124414K [0x00000000eb200000, 0x00000000f3280000, 0x0000000100000000)
  eden space 117248K, 100% used [0x00000000eb200000,0x00000000f2480000,0x00000000f2480000)
  from space 7168K, 99% used [0x00000000f2480000,0x00000000f2b7fba0,0x00000000f2b80000)
  to   space 7168K, 0% used [0x00000000f2b80000,0x00000000f2b80000,0x00000000f3280000)
 ParOldGen       total 48640K, used 20825K [0x00000000c1600000, 0x00000000c4580000, 0x00000000eb200000)
  object space 48640K, 42% used [0x00000000c1600000,0x00000000c2a56420,0x00000000c4580000)
 Metaspace       used 51028K, capacity 52842K, committed 53288K, reserved 1095680K
  class space    used 6978K, capacity 7342K, committed 7464K, reserved 1048576K
Event: 29.522 GC heap after
Heap after GC invocations=16 (full 2):
 PSYoungGen      total 124416K, used 6181K [0x00000000eb200000, 0x00000000f3280000, 0x0000000100000000)
  eden space 117248K, 0% used [0x00000000eb200000,0x00000000eb200000,0x00000000f2480000)
  from space 7168K, 86% used [0x00000000f2b80000,0x00000000f3189578,0x00000000f3280000)
  to   space 7168K, 0% used [0x00000000f2480000,0x00000000f2480000,0x00000000f2b80000)
 ParOldGen       total 48640K, used 24281K [0x00000000c1600000, 0x00000000c4580000, 0x00000000eb200000)
  object space 48640K, 49% used [0x00000000c1600000,0x00000000c2db66c0,0x00000000c4580000)
 Metaspace       used 51028K, capacity 52842K, committed 53288K, reserved 1095680K
  class space    used 6978K, capacity 7342K, committed 7464K, reserved 1048576K
}

Deoptimization events (10 events):
Event: 28.095 Thread 0x0000000002fb7800 Uncommon trap: reason=class_check action=maybe_recompile pc=0x0000000003971d50 method=org.springframework.core.annotation.MergedAnnotationsCollection.find(Ljava/lang/Object;Ljava/util/function/Predicate;Lorg/springframework/core/annotation/MergedAnnotatio
Event: 28.096 Thread 0x0000000002fb7800 Uncommon trap: reason=class_check action=maybe_recompile pc=0x0000000003971d50 method=org.springframework.core.annotation.MergedAnnotationsCollection.find(Ljava/lang/Object;Ljava/util/function/Predicate;Lorg/springframework/core/annotation/MergedAnnotatio
Event: 28.328 Thread 0x0000000002fb7800 Uncommon trap: reason=unstable_if action=reinterpret pc=0x000000000419e840 method=java.beans.Introspector.decapitalize(Ljava/lang/String;)Ljava/lang/String; @ 29
Event: 29.321 Thread 0x0000000002fb7800 Uncommon trap: reason=bimorphic action=maybe_recompile pc=0x0000000003a505e4 method=org.springframework.core.ResolvableType.equals(Ljava/lang/Object;)Z @ 117
Event: 29.322 Thread 0x0000000002fb7800 Uncommon trap: reason=bimorphic action=maybe_recompile pc=0x0000000003a505e4 method=org.springframework.core.ResolvableType.equals(Ljava/lang/Object;)Z @ 117
Event: 29.345 Thread 0x0000000002fb7800 Uncommon trap: reason=bimorphic action=maybe_recompile pc=0x0000000003a505e4 method=org.springframework.core.ResolvableType.equals(Ljava/lang/Object;)Z @ 117
Event: 29.346 Thread 0x0000000002fb7800 Uncommon trap: reason=bimorphic action=maybe_recompile pc=0x0000000003a505e4 method=org.springframework.core.ResolvableType.equals(Ljava/lang/Object;)Z @ 117
Event: 29.463 Thread 0x0000000002fb7800 Uncommon trap: reason=unstable_if action=reinterpret pc=0x0000000003b47fe4 method=org.springframework.util.ConcurrentReferenceHashMap$Segment.restructureIfNecessary(Z)V @ 41
Event: 29.482 Thread 0x0000000002fb7800 Uncommon trap: reason=unstable_if action=reinterpret pc=0x0000000003b445f0 method=org.springframework.util.ConcurrentReferenceHashMap$Segment.restructureIfNecessary(Z)V @ 41
Event: 29.524 Thread 0x0000000002fb7800 Uncommon trap: reason=unstable_if action=reinterpret pc=0x0000000003572c8c method=org.springframework.util.ConcurrentReferenceHashMap$Segment.restructureIfNecessary(Z)V @ 41

Classes redefined (0 events):
No events

Internal exceptions (10 events):
Event: 30.584 Thread 0x0000000002fb7800 Exception <a 'java/lang/ClassNotFoundException': org/springframework/aop/AdvisorCustomizer> (0x00000000ed47b098) thrown at [C:\re\workspace\8-2-build-windows-amd64-cygwin\jdk8u212\12974\hotspot\src\share\vm\classfile\systemDictionary.cpp, line 210]
Event: 30.586 Thread 0x0000000002fb7800 Exception <a 'java/lang/ClassNotFoundException': org/springframework/core/OrderedCustomizer> (0x00000000ed497358) thrown at [C:\re\workspace\8-2-build-windows-amd64-cygwin\jdk8u212\12974\hotspot\src\share\vm\classfile\systemDictionary.cpp, line 210]
Event: 30.590 Thread 0x0000000002fb7800 Exception <a 'java/lang/ClassNotFoundException': java/lang/ObjectCustomizer> (0x00000000ed4b59b0) thrown at [C:\re\workspace\8-2-build-windows-amd64-cygwin\jdk8u212\12974\hotspot\src\share\vm\classfile\systemDictionary.cpp, line 210]
Event: 30.591 Thread 0x0000000002fb7800 Exception <a 'java/lang/ClassNotFoundException': org/springframework/security/config/annotation/method/configuration/GlobalMethodSecurityConfigurationCustomizer> (0x00000000ed4ecb68) thrown at [C:\re\workspace\8-2-build-windows-amd64-cygwin\jdk8u212\12974
Event: 30.594 Thread 0x0000000002fb7800 Exception <a 'java/lang/ClassNotFoundException': org/springframework/context/annotation/ImportAwareCustomizer> (0x00000000ed51d4d0) thrown at [C:\re\workspace\8-2-build-windows-amd64-cygwin\jdk8u212\12974\hotspot\src\share\vm\classfile\systemDictionary.cp
Event: 30.596 Thread 0x0000000002fb7800 Exception <a 'java/lang/ClassNotFoundException': org/springframework/beans/factory/AwareCustomizer> (0x00000000ed53b7d0) thrown at [C:\re\workspace\8-2-build-windows-amd64-cygwin\jdk8u212\12974\hotspot\src\share\vm\classfile\systemDictionary.cpp, line 210
Event: 30.598 Thread 0x0000000002fb7800 Exception <a 'java/lang/ClassNotFoundException': org/springframework/beans/factory/SmartInitializingSingletonCustomizer> (0x00000000ed5603b0) thrown at [C:\re\workspace\8-2-build-windows-amd64-cygwin\jdk8u212\12974\hotspot\src\share\vm\classfile\systemDic
Event: 30.599 Thread 0x0000000002fb7800 Exception <a 'java/lang/ClassNotFoundException': org/springframework/beans/factory/BeanFactoryAwareCustomizer> (0x00000000ed582268) thrown at [C:\re\workspace\8-2-build-windows-amd64-cygwin\jdk8u212\12974\hotspot\src\share\vm\classfile\systemDictionary.cp
Event: 30.600 Thread 0x0000000002fb7800 Exception <a 'java/lang/ClassNotFoundException': org/springframework/beans/factory/AwareCustomizer> (0x00000000ed5a0ab0) thrown at [C:\re\workspace\8-2-build-windows-amd64-cygwin\jdk8u212\12974\hotspot\src\share\vm\classfile\systemDictionary.cpp, line 210
Event: 30.604 Thread 0x0000000002fb7800 Exception <a 'java/lang/ClassNotFoundException': java/lang/ObjectCustomizer> (0x00000000ed5b6c38) thrown at [C:\re\workspace\8-2-build-windows-amd64-cygwin\jdk8u212\12974\hotspot\src\share\vm\classfile\systemDictionary.cpp, line 210]

Events (10 events):
Event: 30.599 loading class org/springframework/beans/factory/AwareCustomizer
Event: 30.599 loading class org/springframework/beans/factory/AwareCustomizer done
Event: 30.600 loading class org/springframework/beans/factory/AwareCustomizer
Event: 30.600 loading class org/springframework/beans/factory/AwareCustomizer done
Event: 30.600 loading class org/springframework/beans/factory/AwareCustomizer
Event: 30.600 loading class org/springframework/beans/factory/AwareCustomizer done
Event: 30.603 loading class java/lang/ObjectCustomizer
Event: 30.603 loading class java/lang/ObjectCustomizer done
Event: 30.604 loading class java/lang/ObjectCustomizer
Event: 30.604 loading class java/lang/ObjectCustomizer done


Dynamic libraries:
0x00007ff60c280000 - 0x00007ff60c2b7000 	C:\Program Files\Java\jdk1.8.0_212\bin\javaw.exe
0x00007ff844d60000 - 0x00007ff844f41000 	C:\WINDOWS\SYSTEM32\ntdll.dll
0x00007ff842690000 - 0x00007ff842741000 	C:\WINDOWS\System32\KERNEL32.DLL
0x00007ff841a50000 - 0x00007ff841cc3000 	C:\WINDOWS\System32\KERNELBASE.dll
0x00007ff843ee0000 - 0x00007ff843f81000 	C:\WINDOWS\System32\ADVAPI32.dll
0x00007ff8423d0000 - 0x00007ff84246e000 	C:\WINDOWS\System32\msvcrt.dll
0x00007ff842470000 - 0x00007ff8424cb000 	C:\WINDOWS\System32\sechost.dll
0x00007ff844830000 - 0x00007ff844954000 	C:\WINDOWS\System32\RPCRT4.dll
0x00007ff8421e0000 - 0x00007ff842370000 	C:\WINDOWS\System32\USER32.dll
0x00007ff8421c0000 - 0x00007ff8421e0000 	C:\WINDOWS\System32\win32u.dll
0x00007ff8423a0000 - 0x00007ff8423c8000 	C:\WINDOWS\System32\GDI32.dll
0x00007ff841cd0000 - 0x00007ff841e61000 	C:\WINDOWS\System32\gdi32full.dll
0x00007ff8419b0000 - 0x00007ff841a4f000 	C:\WINDOWS\System32\msvcp_win.dll
0x00007ff841e70000 - 0x00007ff841f68000 	C:\WINDOWS\System32\ucrtbase.dll
0x00007ff8328d0000 - 0x00007ff832b39000 	C:\WINDOWS\WinSxS\amd64_microsoft.windows.common-controls_6595b64144ccf1df_6.0.17134.1246_none_d3ffb9d77c90723d\COMCTL32.dll
0x00007ff844a00000 - 0x00007ff844d21000 	C:\WINDOWS\System32\combase.dll
0x00007ff841170000 - 0x00007ff8411e9000 	C:\WINDOWS\System32\bcryptPrimitives.dll
0x00007ff842750000 - 0x00007ff84277d000 	C:\WINDOWS\System32\IMM32.DLL
0x0000000064510000 - 0x00000000645e2000 	C:\Program Files\Java\jdk1.8.0_212\jre\bin\msvcr100.dll
0x0000000063c60000 - 0x0000000064505000 	C:\Program Files\Java\jdk1.8.0_212\jre\bin\server\jvm.dll
0x00007ff842370000 - 0x00007ff842378000 	C:\WINDOWS\System32\PSAPI.DLL
0x00007ff83dec0000 - 0x00007ff83dee3000 	C:\WINDOWS\SYSTEM32\WINMM.dll
0x00007ff83b950000 - 0x00007ff83b95a000 	C:\WINDOWS\SYSTEM32\VERSION.dll
0x00007ff831730000 - 0x00007ff831739000 	C:\WINDOWS\SYSTEM32\WSOCK32.dll
0x00007ff844040000 - 0x00007ff8440ac000 	C:\WINDOWS\System32\WS2_32.dll
0x00007ff83de90000 - 0x00007ff83deba000 	C:\WINDOWS\SYSTEM32\WINMMBASE.dll
0x00007ff841120000 - 0x00007ff841169000 	C:\WINDOWS\System32\cfgmgr32.dll
0x00007ff83df80000 - 0x00007ff83df8f000 	C:\Program Files\Java\jdk1.8.0_212\jre\bin\verify.dll
0x00007ff834a70000 - 0x00007ff834a99000 	C:\Program Files\Java\jdk1.8.0_212\jre\bin\java.dll
0x00007ff837390000 - 0x00007ff8373a6000 	C:\Program Files\Java\jdk1.8.0_212\jre\bin\zip.dll
0x00007ff842780000 - 0x00007ff843bc5000 	C:\WINDOWS\System32\SHELL32.dll
0x00007ff843f90000 - 0x00007ff844039000 	C:\WINDOWS\System32\shcore.dll
0x00007ff8412a0000 - 0x00007ff8419b0000 	C:\WINDOWS\System32\windows.storage.dll
0x00007ff843e80000 - 0x00007ff843ed1000 	C:\WINDOWS\System32\shlwapi.dll
0x00007ff8410e0000 - 0x00007ff8410f1000 	C:\WINDOWS\System32\kernel.appcore.dll
0x00007ff841100000 - 0x00007ff84111f000 	C:\WINDOWS\System32\profapi.dll
0x00007ff841070000 - 0x00007ff8410bc000 	C:\WINDOWS\System32\powrprof.dll
0x00007ff841060000 - 0x00007ff84106a000 	C:\WINDOWS\System32\FLTLIB.DLL
0x00007ff834bf0000 - 0x00007ff834c0a000 	C:\Program Files\Java\jdk1.8.0_212\jre\bin\net.dll
0x00007ff836ce0000 - 0x00007ff836eaa000 	C:\WINDOWS\SYSTEM32\urlmon.dll
0x00007ff8350c0000 - 0x00007ff835367000 	C:\WINDOWS\SYSTEM32\iertutil.dll
0x00007ff840ab0000 - 0x00007ff840abb000 	C:\WINDOWS\SYSTEM32\CRYPTBASE.DLL
0x00007ff8408e0000 - 0x00007ff840946000 	C:\WINDOWS\system32\mswsock.dll
0x00007ff840670000 - 0x00007ff84072e000 	C:\WINDOWS\SYSTEM32\DNSAPI.dll
0x00007ff843e10000 - 0x00007ff843e18000 	C:\WINDOWS\System32\NSI.dll
0x00007ff840630000 - 0x00007ff840668000 	C:\WINDOWS\SYSTEM32\IPHLPAPI.DLL
0x0000000064dd0000 - 0x0000000064df6000 	C:\Program Files\Bonjour\mdnsNSP.dll
0x00007ff832f40000 - 0x00007ff832f4a000 	C:\Windows\System32\rasadhlp.dll
0x00007ff834610000 - 0x00007ff834682000 	C:\WINDOWS\System32\fwpuclnt.dll
0x00007ff840bc0000 - 0x00007ff840be5000 	C:\WINDOWS\SYSTEM32\bcrypt.dll
0x00007ff83d990000 - 0x00007ff83d99d000 	C:\Program Files\Java\jdk1.8.0_212\jre\bin\management.dll
0x00007ff8332d0000 - 0x00007ff8332e2000 	C:\Program Files\Java\jdk1.8.0_212\jre\bin\nio.dll
0x00007ff840a90000 - 0x00007ff840aa7000 	C:\WINDOWS\SYSTEM32\CRYPTSP.dll
0x00007ff840430000 - 0x00007ff840463000 	C:\WINDOWS\system32\rsaenh.dll
0x00007ff840f60000 - 0x00007ff840f88000 	C:\WINDOWS\SYSTEM32\USERENV.dll
0x00007ff83afc0000 - 0x00007ff83afd6000 	C:\WINDOWS\SYSTEM32\dhcpcsvc6.DLL
0x00007ff83b0d0000 - 0x00007ff83b0ea000 	C:\WINDOWS\SYSTEM32\dhcpcsvc.DLL
0x00007ff818310000 - 0x00007ff818326000 	C:\WINDOWS\system32\napinsp.dll
0x00007ff8182f0000 - 0x00007ff81830a000 	C:\WINDOWS\system32\pnrpnsp.dll
0x00007ff83d860000 - 0x00007ff83d879000 	C:\WINDOWS\system32\NLAapi.dll
0x00007ff8182e0000 - 0x00007ff8182ee000 	C:\WINDOWS\System32\winrnr.dll
0x00007ff8182c0000 - 0x00007ff8182d5000 	C:\WINDOWS\System32\wshbth.dll

VM Arguments:
jvm_args: -ea -Dfile.encoding=UTF-8 
java_command: org.eclipse.jdt.internal.junit.runner.RemoteTestRunner -version 3 -port 54906 -testLoaderClass org.eclipse.jdt.internal.junit4.runner.JUnit4TestLoader -loaderpluginname org.eclipse.jdt.junit4.runtime -classNames ftn.project.controller.SchendulingRequestControllerTest
java_class_path (initial): F:\fax\4\isa\TheClinicSystem\target\test-classes;F:\fax\4\isa\TheClinicSystem\target\classes;C:\Users\Erceg\.m2\repository\org\springframework\boot\spring-boot-starter-data-jpa\2.2.0.RELEASE\spring-boot-starter-data-jpa-2.2.0.RELEASE.jar;C:\Users\Erceg\.m2\repository\org\springframework\boot\spring-boot-starter-aop\2.2.0.RELEASE\spring-boot-starter-aop-2.2.0.RELEASE.jar;C:\Users\Erceg\.m2\repository\org\aspectj\aspectjweaver\1.9.4\aspectjweaver-1.9.4.jar;C:\Users\Erceg\.m2\repository\jakarta\activation\jakarta.activation-api\1.2.1\jakarta.activation-api-1.2.1.jar;C:\Users\Erceg\.m2\repository\jakarta\persistence\jakarta.persistence-api\2.2.3\jakarta.persistence-api-2.2.3.jar;C:\Users\Erceg\.m2\repository\jakarta\transaction\jakarta.transaction-api\1.3.3\jakarta.transaction-api-1.3.3.jar;C:\Users\Erceg\.m2\repository\org\hibernate\hibernate-core\5.4.6.Final\hibernate-core-5.4.6.Final.jar;C:\Users\Erceg\.m2\repository\org\jboss\logging\jboss-logging\3.4.1.Final\jboss-logging-3.4.1.Final.jar;C:\Users\Erceg\.m2\repository\org\javassist\javassist\3.24.0-GA\javassist-3.24.0-GA.jar;C:\Users\Erceg\.m2\repository\net\bytebuddy\byte-buddy\1.10.1\byte-buddy-1.10.1.jar;C:\Users\Erceg\.m2\repository\antlr\antlr\2.7.7\antlr-2.7.7.jar;C:\Users\Erceg\.m2\repository\org\jboss\jandex\2.0.5.Final\jandex-2.0.5.Final.jar;C:\Users\Erceg\.m2\repository\com\fasterxml\classmate\1.5.0\classmate-1.5.0.jar;C:\Users\Erceg\.m2\repository\org\dom4j\dom4j\2.1.1\dom4j-2.1.1.jar;C:\Users\Erceg\.m2\repository\org\hibernate\common\hibernate-commons-annotations\5.1.0.Final\hibernate-commons-annotations-5.1.0.Final.jar;C:\Users\Erceg\.m2\repository\org\glassfish\jaxb\jaxb-runtime\2.3.2\jaxb-runtime-2.3.2.jar;C:\Users\Erceg\.m2\repository\org\glassfish\jaxb\txw2\2.3.2\txw2-2.3.2.jar;C:\Users\Erceg\.m2\repository\com\sun\istack\istack-commons-runtime\3.0.8\istack-commons-runtime-3.0.8.jar;C:\Users\Erceg\.m2\repository\org\jvnet\staxex\stax-ex\1.8.1\stax-ex-1.8.1.jar;C:\Users\E
Launcher Type: SUN_STANDARD

Environment Variables:
JAVA_HOME=C:\Program Files\Java\jdk-11.0.4
CLASSPATH=.;C:\Program Files (x86)\QuickTime\QTSystem\QTJava.zip
PATH=C:/Program Files/Java/jdk-11.0.4/bin/server;C:/Program Files/Java/jdk-11.0.4/bin;C:\oraclexe\app\oracle\product\11.2.0\server\bin;;C:\app\Erceg\product\18.0.0\dbhomeXE\bin;C:\Program Files\Java\jdk-11.0.4\bin;C:\Program Files\Java\jdk1.8.0_212\bin;C:\Program Files\Java\jdk-12.0.1\bin;C:\Program Files (x86)\Common Files\Oracle\Java\javapath;C:\Program Files (x86)\NVIDIA Corporation\PhysX\Common;C:\WINDOWS\system32;C:\WINDOWS;C:\WINDOWS\System32\Wbem;C:\WINDOWS\System32\WindowsPowerShell\v1.0\;C:\Program Files\MATLAB\R2016b\runtime\win64;C:\Program Files\MATLAB\R2016b\bin;C:\Program Files\MATLAB\R2016b\polyspace\bin;C:\WINDOWS\System32\OpenSSH\;C:\Program Files\dotnet\;C:\Program Files (x86)\QuickTime\QTSystem\;C:\Program Files\MAVEN\apache-maven-3.6.2\bin;C:\Program Files\Microsoft SQL Server\Client SDK\ODBC\130\Tools\Binn\;C:\Program Files (x86)\Microsoft SQL Server\140\Tools\Binn\;C:\Program Files\Microsoft SQL Server\140\Tools\Binn\;C:\Program Files\Microsoft SQL Server\140\DTS\Binn\;C:\Program Files (x86)\Microsoft SQL Server\150\DTS\Binn\;C:\Program Files\Git\cmd;C:\Users\Erceg\AppData\Local\Microsoft\WindowsApps;;C:\Program Files\JetBrains\PyCharm Community Edition 2019.2.3\bin;;C:\Users\Erceg\Desktop;
USERNAME=Erceg
OS=Windows_NT
PROCESSOR_IDENTIFIER=Intel64 Family 6 Model 61 Stepping 4, GenuineIntel



---------------  S Y S T E M  ---------------

OS: Windows 10.0 , 64 bit Build 17134 (10.0.17134.753)

CPU:total 4 (initial active 4) (2 cores per cpu, 2 threads per core) family 6 model 61 stepping 4, cmov, cx8, fxsr, mmx, sse, sse2, sse3, ssse3, sse4.1, sse4.2, popcnt, avx, avx2, aes, clmul, erms, 3dnowpref, lzcnt, ht, tsc, tscinvbit, bmi1, bmi2, adx

Memory: 4k page, physical 4102764k(96864k free), swap 16685676k(4332k free)

vm_info: Java HotSpot(TM) 64-Bit Server VM (25.212-b10) for windows-amd64 JRE (1.8.0_212-b10), built on Apr  1 2019 22:50:23 by "java_re" with MS VC++ 10.0 (VS2010)

time: Sat Feb 08 02:38:47 2020
timezone: Central Europe Standard Time
elapsed time: 30 seconds (0d 0h 0m 30s)

