#
# A fatal error has been detected by the Java Runtime Environment:
#
#  EXCEPTION_ACCESS_VIOLATION (0xc0000005) at pc=0x000000005404b7eb, pid=8788, tid=0x0000000000003754
#
# JRE version: Java(TM) SE Runtime Environment (8.0_212-b10) (build 1.8.0_212-b10)
# Java VM: Java HotSpot(TM) 64-Bit Server VM (25.212-b10 mixed mode windows-amd64 compressed oops)
# Problematic frame:
# V  [jvm.dll+0x2db7eb]
#
# Failed to write core dump. Minidumps are not enabled by default on client versions of Windows
#
# If you would like to submit a bug report, please visit:
#   http://bugreport.java.com/bugreport/crash.jsp
#

---------------  T H R E A D  ---------------

Current thread (0x00000000156a2800):  JavaThread "JDWP Transport Listener: dt_socket" daemon [_thread_in_vm, id=14164, stack(0x0000000016cd0000,0x0000000016dd0000)]

siginfo: ExceptionCode=0xc0000005, reading address 0xffffffffffffffff

Registers:
RAX=0x00000000030c5720, RBX=0x0000000016dce370, RCX=0x0000000016dce370, RDX=0x0000000002f9ec70
RSP=0x0000000016dce2c0, RBP=0x000000001569a2e0, RSI=0x0000000002e18e60, RDI=0x0000000016dce3a0
R8 =0x3781158b0b74c084, R9 =0x483c7402fa830064, R10=0x0000000000000000, R11=0x00000000030808da
R12=0x00000000156978d0, R13=0x00000000156978e0, R14=0x0000000015697cb8, R15=0x00000000000003d8
RIP=0x000000005404b7eb, EFLAGS=0x0000000000010246

Top of Stack: (sp=0x0000000016dce2c0)
0x0000000016dce2c0:   0000000016dce370 000000001569a2e0
0x0000000016dce2d0:   0000000002e18e60 000000001569a2e0
0x0000000016dce2e0:   0000000016dce370 0000000053f7e405
0x0000000016dce2f0:   0000000016dce970 0000000053fb7b89
0x0000000016dce300:   000000001ce696c0 0000000016dce9d0
0x0000000016dce310:   0000000016dce9d0 0000000017582550
0x0000000016dce320:   0000a99d179e4e04 000000005404b7c3
0x0000000016dce330:   00000000000011dc 0000000002e18e60
0x0000000016dce340:   00000000000011dc 0000000053fb7c09
0x0000000016dce350:   000000001d2e62e0 0000000053f7e414
0x0000000016dce360:   000000001cc14640 000000001d2e5ce0
0x0000000016dce370:   0000000053f441bd 483c7402fa830064
0x0000000016dce380:   0000000000000000 0000000000000000
0x0000000016dce390:   3781158b0b74c084 0000000053f441bd
0x0000000016dce3a0:   0000000000000000 0000000000000000
0x0000000016dce3b0:   0000000000000000 0000000000000000 

Instructions: (pc=0x000000005404b7eb)
0x000000005404b7cb:   c3 48 83 79 10 00 74 11 48 8b d3 e8 75 fc ff ff
0x000000005404b7db:   48 8b c3 48 83 c4 20 5b c3 4c 8b 41 20 48 8b cb
0x000000005404b7eb:   4d 8b 48 08 49 8d 50 10 4d 8b 00 e8 c5 0c d4 ff
0x000000005404b7fb:   48 8b c3 48 83 c4 20 5b c3 cc cc cc cc cc cc cc 


Register to memory mapping:

RAX=0x00000000030c5720 is an unknown value
RBX=0x0000000016dce370 is pointing into the stack for thread: 0x00000000156a2800
RCX=0x0000000016dce370 is pointing into the stack for thread: 0x00000000156a2800
RDX=0x0000000002f9ec70 is an unknown value
RSP=0x0000000016dce2c0 is pointing into the stack for thread: 0x00000000156a2800
RBP=0x000000001569a2e0 is an unknown value
RSI=0x0000000002e18e60 is an unknown value
RDI=0x0000000016dce3a0 is pointing into the stack for thread: 0x00000000156a2800
R8 =0x3781158b0b74c084 is an unknown value
R9 =0x483c7402fa830064 is an unknown value
R10=0x0000000000000000 is an unknown value
R11=0x00000000030808da is at begin+179 in a stub
StubRoutines::call_stub [0x0000000003080827, 0x000000000308098b[ (356 bytes)
R12=0x00000000156978d0 is an unknown value
R13=0x00000000156978e0 is an unknown value
R14=0x0000000015697cb8 is an unknown value
R15=0x00000000000003d8 is an unknown value


Stack: [0x0000000016cd0000,0x0000000016dd0000],  sp=0x0000000016dce2c0,  free space=1016k
Native frames: (J=compiled Java code, j=interpreted, Vv=VM code, C=native code)
V  [jvm.dll+0x2db7eb]
V  [jvm.dll+0x20e405]
V  [jvm.dll+0x247c09]
V  [jvm.dll+0x247808]
V  [jvm.dll+0x1ad32e]
V  [jvm.dll+0x1af350]
V  [jvm.dll+0x1a5472]
V  [jvm.dll+0x33df7b]
C  [jdwp.dll+0x87f6]
C  [jdwp.dll+0xf15d]
C  [jdwp.dll+0x1f5c9]
C  [jdwp.dll+0x1f79e]
V  [jvm.dll+0x1be6da]
V  [jvm.dll+0x2466ff]
V  [jvm.dll+0x29fc6a]
C  [msvcr100.dll+0x21d9f]
C  [msvcr100.dll+0x21e3b]
C  [KERNEL32.DLL+0x14034]
C  [ntdll.dll+0x73691]


---------------  P R O C E S S  ---------------

Java Threads: ( => current thread )
  0x000000001ca94800 JavaThread "JMX server connection timeout 47" daemon [_thread_blocked, id=7896, stack(0x0000000020430000,0x0000000020530000)]
  0x000000001ca93000 JavaThread "RMI TCP Connection(9)-127.0.0.1" daemon [_thread_in_native, id=19528, stack(0x0000000020330000,0x0000000020430000)]
  0x000000001ca93800 JavaThread "DestroyJavaVM" [_thread_blocked, id=16740, stack(0x0000000002e80000,0x0000000002f80000)]
  0x000000001ca8d800 JavaThread "http-nio-8081-exec-1" daemon [_thread_blocked, id=15972, stack(0x000000001e560000,0x000000001e660000)]
  0x0000000017ea6800 JavaThread "MVStore background writer nio:C:/Users/Erceg/TheClinicSystem.mv.db" daemon [_thread_blocked, id=16960, stack(0x000000001b890000,0x000000001b990000)]
  0x0000000018102000 JavaThread "JMX server connection timeout 21" daemon [_thread_blocked, id=16880, stack(0x00000000192c0000,0x00000000193c0000)]
  0x00000000180f4800 JavaThread "RMI TCP Connection(8)-127.0.0.1" daemon [_thread_in_native, id=4160, stack(0x00000000191c0000,0x00000000192c0000)]
  0x00000000180a9800 JavaThread "JMX server connection timeout 19" daemon [_thread_blocked, id=5780, stack(0x0000000018dc0000,0x0000000018ec0000)]
  0x000000001809e800 JavaThread "RMI Scheduler(0)" daemon [_thread_blocked, id=17028, stack(0x0000000018cc0000,0x0000000018dc0000)]
  0x0000000017f99800 JavaThread "RMI TCP Connection(idle)" daemon [_thread_blocked, id=16912, stack(0x0000000018bc0000,0x0000000018cc0000)]
  0x0000000017e61000 JavaThread "RMI TCP Accept-0" daemon [_thread_in_native, id=15804, stack(0x0000000018580000,0x0000000018680000)]
  0x0000000017e5e000 JavaThread "RMI TCP Accept-60967" daemon [_thread_in_native, id=7004, stack(0x0000000018480000,0x0000000018580000)]
  0x0000000017e54000 JavaThread "RMI TCP Accept-0" daemon [_thread_in_native, id=7836, stack(0x0000000018380000,0x0000000018480000)]
  0x00000000175dd800 JavaThread "Service Thread" daemon [_thread_blocked, id=20072, stack(0x0000000017a80000,0x0000000017b80000)]
  0x0000000017590800 JavaThread "C1 CompilerThread2" daemon [_thread_blocked, id=17728, stack(0x0000000017980000,0x0000000017a80000)]
  0x00000000156d3000 JavaThread "C2 CompilerThread1" daemon [_thread_blocked, id=3724, stack(0x0000000017480000,0x0000000017580000)]
  0x00000000156b4000 JavaThread "C2 CompilerThread0" daemon [_thread_blocked, id=11092, stack(0x0000000017380000,0x0000000017480000)]
  0x00000000156a4800 JavaThread "JDWP Event Helper Thread" daemon [_thread_blocked, id=2708, stack(0x0000000017180000,0x0000000017280000)]
=>0x00000000156a2800 JavaThread "JDWP Transport Listener: dt_socket" daemon [_thread_in_vm, id=14164, stack(0x0000000016cd0000,0x0000000016dd0000)]
  0x000000001568f000 JavaThread "Attach Listener" daemon [_thread_blocked, id=2108, stack(0x0000000016bd0000,0x0000000016cd0000)]
  0x000000001568b800 JavaThread "Signal Dispatcher" daemon [_thread_blocked, id=11620, stack(0x0000000016ad0000,0x0000000016bd0000)]
  0x000000001566d000 JavaThread "Finalizer" daemon [_thread_blocked, id=12824, stack(0x00000000168e0000,0x00000000169e0000)]
  0x0000000003077000 JavaThread "Reference Handler" daemon [_thread_blocked, id=19860, stack(0x00000000167e0000,0x00000000168e0000)]

Other Threads:
  0x0000000015647000 VMThread [stack: 0x00000000166e0000,0x00000000167e0000] [id=18148]

VM state:synchronizing (normal execution)

VM Mutex/Monitor currently owned by a thread:  ([mutex/lock_event])
[0x0000000002f839e0] Threads_lock - owner thread: 0x0000000015647000

OutOfMemory and StackOverflow Exception counts:
StackOverflowErrors=3

heap address: 0x00000000c1600000, size: 1002 MB, Compressed Oops mode: 32-bit
Narrow klass base: 0x0000000000000000, Narrow klass shift: 3
Compressed class space size: 1073741824 Address: 0x0000000100000000

Heap:
 PSYoungGen      total 190464K, used 55463K [0x00000000eb200000, 0x00000000fb600000, 0x0000000100000000)
  eden space 175616K, 31% used [0x00000000eb200000,0x00000000ee829d00,0x00000000f5d80000)
  from space 14848K, 0% used [0x00000000f5d80000,0x00000000f5d80000,0x00000000f6c00000)
  to   space 14848K, 0% used [0x00000000fa780000,0x00000000fa780000,0x00000000fb600000)
 ParOldGen       total 76800K, used 26000K [0x00000000c1600000, 0x00000000c6100000, 0x00000000eb200000)
  object space 76800K, 33% used [0x00000000c1600000,0x00000000c2f642f0,0x00000000c6100000)
 Metaspace       used 59068K, capacity 62218K, committed 62336K, reserved 1103872K
  class space    used 8162K, capacity 8728K, committed 8832K, reserved 1048576K

Card table byte_map: [0x0000000012440000,0x0000000012640000] byte_map_base: 0x0000000011e35000

Marking Bits: (ParMarkBitMap*) 0x0000000054595ce0
 Begin Bits: [0x0000000012b90000, 0x0000000013b38000)
 End Bits:   [0x0000000013b38000, 0x0000000014ae0000)

Polling page: 0x0000000000bf0000

CodeCache: size=245760Kb used=11907Kb max_used=11914Kb free=233852Kb
 bounds [0x0000000003080000, 0x0000000003c30000, 0x0000000012080000]
 total_blobs=6573 nmethods=5999 adapters=493
 compilation: enabled

Compilation events (10 events):
Event: 146.306 Thread 0x0000000017590800 6086       1       java.lang.StackTraceElement::getClassName (5 bytes)
Event: 146.306 Thread 0x0000000017590800 nmethod 6086 0x00000000037e0e90 code [0x00000000037e0fe0, 0x00000000037e10f0]
Event: 146.307 Thread 0x0000000017590800 6087       1       java.lang.StackTraceElement::toString (140 bytes)
Event: 146.309 Thread 0x0000000017590800 nmethod 6087 0x0000000003899950 code [0x0000000003899b80, 0x000000000389a3a8]
Event: 146.310 Thread 0x0000000017590800 6088       1       java.lang.StackTraceElement::isNativeMethod (15 bytes)
Event: 146.310 Thread 0x0000000017590800 nmethod 6088 0x00000000037e0b50 code [0x00000000037e0ca0, 0x00000000037e0dd0]
Event: 152.317 Thread 0x0000000017590800 6089       1       java.util.logging.LogManager$LoggerContext::ensureInitialized (24 bytes)
Event: 152.318 Thread 0x0000000017590800 nmethod 6089 0x00000000037dde50 code [0x00000000037ddfc0, 0x00000000037de188]
Event: 152.324 Thread 0x0000000017590800 6090  s    1       java.util.logging.LogManager$LoggerContext::findLogger (40 bytes)
Event: 152.326 Thread 0x0000000017590800 nmethod 6090 0x0000000003899010 code [0x00000000038991c0, 0x0000000003899668]

GC Heap History (10 events):
Event: 15.894 GC heap before
{Heap before GC invocations=12 (full 2):
 PSYoungGen      total 143360K, used 6111K [0x00000000eb200000, 0x00000000f4f00000, 0x0000000100000000)
  eden space 133120K, 0% used [0x00000000eb200000,0x00000000eb200000,0x00000000f3400000)
  from space 10240K, 59% used [0x00000000f3e00000,0x00000000f43f7d88,0x00000000f4800000)
  to   space 10240K, 0% used [0x00000000f3400000,0x00000000f3400000,0x00000000f3e00000)
 ParOldGen       total 33792K, used 16381K [0x00000000c1600000, 0x00000000c3700000, 0x00000000eb200000)
  object space 33792K, 48% used [0x00000000c1600000,0x00000000c25ff468,0x00000000c3700000)
 Metaspace       used 33627K, capacity 35354K, committed 35496K, reserved 1079296K
  class space    used 4432K, capacity 4782K, committed 4864K, reserved 1048576K
Event: 16.031 GC heap after
Heap after GC invocations=12 (full 2):
 PSYoungGen      total 143360K, used 0K [0x00000000eb200000, 0x00000000f4f00000, 0x0000000100000000)
  eden space 133120K, 0% used [0x00000000eb200000,0x00000000eb200000,0x00000000f3400000)
  from space 10240K, 0% used [0x00000000f3e00000,0x00000000f3e00000,0x00000000f4800000)
  to   space 10240K, 0% used [0x00000000f3400000,0x00000000f3400000,0x00000000f3e00000)
 ParOldGen       total 52224K, used 14936K [0x00000000c1600000, 0x00000000c4900000, 0x00000000eb200000)
  object space 52224K, 28% used [0x00000000c1600000,0x00000000c2496310,0x00000000c4900000)
 Metaspace       used 33627K, capacity 35354K, committed 35496K, reserved 1079296K
  class space    used 4432K, capacity 4782K, committed 4864K, reserved 1048576K
}
Event: 24.067 GC heap before
{Heap before GC invocations=13 (full 2):
 PSYoungGen      total 143360K, used 133120K [0x00000000eb200000, 0x00000000f4f00000, 0x0000000100000000)
  eden space 133120K, 100% used [0x00000000eb200000,0x00000000f3400000,0x00000000f3400000)
  from space 10240K, 0% used [0x00000000f3e00000,0x00000000f3e00000,0x00000000f4800000)
  to   space 10240K, 0% used [0x00000000f3400000,0x00000000f3400000,0x00000000f3e00000)
 ParOldGen       total 52224K, used 14936K [0x00000000c1600000, 0x00000000c4900000, 0x00000000eb200000)
  object space 52224K, 28% used [0x00000000c1600000,0x00000000c2496310,0x00000000c4900000)
 Metaspace       used 47991K, capacity 49960K, committed 50304K, reserved 1093632K
  class space    used 6573K, capacity 6955K, committed 7040K, reserved 1048576K
Event: 24.116 GC heap after
Heap after GC invocations=13 (full 2):
 PSYoungGen      total 143360K, used 10236K [0x00000000eb200000, 0x00000000f7980000, 0x0000000100000000)
  eden space 133120K, 0% used [0x00000000eb200000,0x00000000eb200000,0x00000000f3400000)
  from space 10240K, 99% used [0x00000000f3400000,0x00000000f3dff240,0x00000000f3e00000)
  to   space 13824K, 0% used [0x00000000f6c00000,0x00000000f6c00000,0x00000000f7980000)
 ParOldGen       total 52224K, used 21659K [0x00000000c1600000, 0x00000000c4900000, 0x00000000eb200000)
  object space 52224K, 41% used [0x00000000c1600000,0x00000000c2b26da8,0x00000000c4900000)
 Metaspace       used 47991K, capacity 49960K, committed 50304K, reserved 1093632K
  class space    used 6573K, capacity 6955K, committed 7040K, reserved 1048576K
}
Event: 30.556 GC heap before
{Heap before GC invocations=14 (full 2):
 PSYoungGen      total 143360K, used 143356K [0x00000000eb200000, 0x00000000f7980000, 0x0000000100000000)
  eden space 133120K, 100% used [0x00000000eb200000,0x00000000f3400000,0x00000000f3400000)
  from space 10240K, 99% used [0x00000000f3400000,0x00000000f3dff240,0x00000000f3e00000)
  to   space 13824K, 0% used [0x00000000f6c00000,0x00000000f6c00000,0x00000000f7980000)
 ParOldGen       total 52224K, used 21659K [0x00000000c1600000, 0x00000000c4900000, 0x00000000eb200000)
  object space 52224K, 41% used [0x00000000c1600000,0x00000000c2b26da8,0x00000000c4900000)
 Metaspace       used 53853K, capacity 56548K, committed 56832K, reserved 1097728K
  class space    used 7426K, capacity 7895K, committed 7936K, reserved 1048576K
Event: 30.648 GC heap after
Heap after GC invocations=14 (full 2):
 PSYoungGen      total 189440K, used 11031K [0x00000000eb200000, 0x00000000f7a80000, 0x0000000100000000)
  eden space 175616K, 0% used [0x00000000eb200000,0x00000000eb200000,0x00000000f5d80000)
  from space 13824K, 79% used [0x00000000f6c00000,0x00000000f76c5f08,0x00000000f7980000)
  to   space 14848K, 0% used [0x00000000f5d80000,0x00000000f5d80000,0x00000000f6c00000)
 ParOldGen       total 52224K, used 27147K [0x00000000c1600000, 0x00000000c4900000, 0x00000000eb200000)
  object space 52224K, 51% used [0x00000000c1600000,0x00000000c3082c08,0x00000000c4900000)
 Metaspace       used 53853K, capacity 56548K, committed 56832K, reserved 1097728K
  class space    used 7426K, capacity 7895K, committed 7936K, reserved 1048576K
}
Event: 38.393 GC heap before
{Heap before GC invocations=15 (full 2):
 PSYoungGen      total 189440K, used 52632K [0x00000000eb200000, 0x00000000f7a80000, 0x0000000100000000)
  eden space 175616K, 23% used [0x00000000eb200000,0x00000000edaa0188,0x00000000f5d80000)
  from space 13824K, 79% used [0x00000000f6c00000,0x00000000f76c5f08,0x00000000f7980000)
  to   space 14848K, 0% used [0x00000000f5d80000,0x00000000f5d80000,0x00000000f6c00000)
 ParOldGen       total 52224K, used 27147K [0x00000000c1600000, 0x00000000c4900000, 0x00000000eb200000)
  object space 52224K, 51% used [0x00000000c1600000,0x00000000c3082c08,0x00000000c4900000)
 Metaspace       used 56069K, capacity 59118K, committed 59160K, reserved 1099776K
  class space    used 7759K, capacity 8310K, committed 8320K, reserved 1048576K
Event: 38.671 GC heap after
Heap after GC invocations=15 (full 2):
 PSYoungGen      total 190464K, used 3468K [0x00000000eb200000, 0x00000000fb600000, 0x0000000100000000)
  eden space 175616K, 0% used [0x00000000eb200000,0x00000000eb200000,0x00000000f5d80000)
  from space 14848K, 23% used [0x00000000f5d80000,0x00000000f60e3288,0x00000000f6c00000)
  to   space 14848K, 0% used [0x00000000fa780000,0x00000000fa780000,0x00000000fb600000)
 ParOldGen       total 52224K, used 32963K [0x00000000c1600000, 0x00000000c4900000, 0x00000000eb200000)
  object space 52224K, 63% used [0x00000000c1600000,0x00000000c3630f68,0x00000000c4900000)
 Metaspace       used 56069K, capacity 59118K, committed 59160K, reserved 1099776K
  class space    used 7759K, capacity 8310K, committed 8320K, reserved 1048576K
}
Event: 38.671 GC heap before
{Heap before GC invocations=16 (full 3):
 PSYoungGen      total 190464K, used 3468K [0x00000000eb200000, 0x00000000fb600000, 0x0000000100000000)
  eden space 175616K, 0% used [0x00000000eb200000,0x00000000eb200000,0x00000000f5d80000)
  from space 14848K, 23% used [0x00000000f5d80000,0x00000000f60e3288,0x00000000f6c00000)
  to   space 14848K, 0% used [0x00000000fa780000,0x00000000fa780000,0x00000000fb600000)
 ParOldGen       total 52224K, used 32963K [0x00000000c1600000, 0x00000000c4900000, 0x00000000eb200000)
  object space 52224K, 63% used [0x00000000c1600000,0x00000000c3630f68,0x00000000c4900000)
 Metaspace       used 56069K, capacity 59118K, committed 59160K, reserved 1099776K
  class space    used 7759K, capacity 8310K, committed 8320K, reserved 1048576K
Event: 39.824 GC heap after
Heap after GC invocations=16 (full 3):
 PSYoungGen      total 190464K, used 0K [0x00000000eb200000, 0x00000000fb600000, 0x0000000100000000)
  eden space 175616K, 0% used [0x00000000eb200000,0x00000000eb200000,0x00000000f5d80000)
  from space 14848K, 0% used [0x00000000f5d80000,0x00000000f5d80000,0x00000000f6c00000)
  to   space 14848K, 0% used [0x00000000fa780000,0x00000000fa780000,0x00000000fb600000)
 ParOldGen       total 76800K, used 26000K [0x00000000c1600000, 0x00000000c6100000, 0x00000000eb200000)
  object space 76800K, 33% used [0x00000000c1600000,0x00000000c2f642f0,0x00000000c6100000)
 Metaspace       used 56069K, capacity 59118K, committed 59160K, reserved 1099776K
  class space    used 7759K, capacity 8310K, committed 8320K, reserved 1048576K
}

Deoptimization events (0 events):
No events

Classes redefined (0 events):
No events

Internal exceptions (10 events):
Event: 31.746 Thread 0x0000000002f87000 Exception <a 'java/lang/ArrayIndexOutOfBoundsException'> (0x00000000ec660750) thrown at [C:\re\workspace\8-2-build-windows-amd64-cygwin\jdk8u212\12974\hotspot\src\share\vm\runtime\sharedRuntime.cpp, line 605]
Event: 32.135 Thread 0x0000000002f87000 Exception <a 'java/lang/ArrayIndexOutOfBoundsException'> (0x00000000ed05b568) thrown at [C:\re\workspace\8-2-build-windows-amd64-cygwin\jdk8u212\12974\hotspot\src\share\vm\runtime\sharedRuntime.cpp, line 605]
Event: 32.135 Thread 0x0000000002f87000 Exception <a 'java/lang/ArrayIndexOutOfBoundsException'> (0x00000000ed05dab8) thrown at [C:\re\workspace\8-2-build-windows-amd64-cygwin\jdk8u212\12974\hotspot\src\share\vm\runtime\sharedRuntime.cpp, line 605]
Event: 32.238 Thread 0x0000000002f87000 Exception <a 'java/lang/ArrayIndexOutOfBoundsException'> (0x00000000ed2d19d0) thrown at [C:\re\workspace\8-2-build-windows-amd64-cygwin\jdk8u212\12974\hotspot\src\share\vm\runtime\sharedRuntime.cpp, line 605]
Event: 53.461 Thread 0x000000001ca8d800 Exception <a 'java/lang/ArrayIndexOutOfBoundsException': 183> (0x00000000ebe13b50) thrown at [C:\re\workspace\8-2-build-windows-amd64-cygwin\jdk8u212\12974\hotspot\src\share\vm\interpreter\interpreterRuntime.cpp, line 368]
Event: 61.355 Thread 0x000000001ca8d800 Exception <a 'java/lang/StackOverflowError'> (0x00000000ec86fa00) thrown at [C:\re\workspace\8-2-build-windows-amd64-cygwin\jdk8u212\12974\hotspot\src\share\vm\interpreter\interpreterRuntime.cpp, line 325]
Event: 61.356 Thread 0x000000001ca8d800 Exception <a 'java/lang/StackOverflowError'> (0x00000000ec873860) thrown at [C:\re\workspace\8-2-build-windows-amd64-cygwin\jdk8u212\12974\hotspot\src\share\vm\runtime\javaCalls.cpp, line 386]
Event: 80.891 Thread 0x000000001ca8d800 Exception <a 'java/lang/StackOverflowError'> (0x00000000ece58178) thrown at [C:\re\workspace\8-2-build-windows-amd64-cygwin\jdk8u212\12974\hotspot\src\share\vm\interpreter\interpreterRuntime.cpp, line 325]
Event: 151.954 Thread 0x0000000019cad800 Exception <a 'java/lang/InterruptedException': sleep interrupted> (0x00000000ee519cb8) thrown at [C:\re\workspace\8-2-build-windows-amd64-cygwin\jdk8u212\12974\hotspot\src\share\vm\prims\jvm.cpp, line 3336]
Event: 152.333 Thread 0x000000001ca8d800 Exception <a 'java/lang/reflect/InvocationTargetException'> (0x00000000ece5be98) thrown at [C:\re\workspace\8-2-build-windows-amd64-cygwin\jdk8u212\12974\hotspot\src\share\vm\runtime\reflection.cpp, line 1092]

Events (10 events):
Event: 152.333 Thread 0x000000001ca8d800 DEOPT PACKING pc=0x0000000003477514 sp=0x000000001e65c5f0
Event: 152.333 Thread 0x000000001ca8d800 DEOPT UNPACKING pc=0x00000000030c7890 sp=0x000000001e65c410 mode 1
Event: 152.333 Thread 0x000000001ca8d800 DEOPT PACKING pc=0x00000000034c39fc sp=0x000000001e65c740
Event: 152.333 Thread 0x000000001ca8d800 DEOPT UNPACKING pc=0x00000000030c7890 sp=0x000000001e65c468 mode 1
Event: 152.334 Thread 0x000000001ca8d800 DEOPT PACKING pc=0x00000000034a6b8c sp=0x000000001e65c790
Event: 152.334 Thread 0x000000001ca8d800 DEOPT UNPACKING pc=0x00000000030c7890 sp=0x000000001e65c538 mode 1
Event: 152.335 loading class org/springframework/web/util/NestedServletException
Event: 152.335 loading class org/springframework/web/util/NestedServletException done
Event: 152.335 Thread 0x000000001ca8d800 DEOPT PACKING pc=0x00000000032b9ec9 sp=0x000000001e65b840
Event: 152.335 Thread 0x000000001ca8d800 DEOPT UNPACKING pc=0x00000000030c7890 sp=0x000000001e65b590 mode 1


Dynamic libraries:
0x00007ff745660000 - 0x00007ff745697000 	C:\Program Files\Java\jdk1.8.0_212\bin\javaw.exe
0x00007ffb4def0000 - 0x00007ffb4e0d1000 	C:\WINDOWS\SYSTEM32\ntdll.dll
0x00007ffb4bf50000 - 0x00007ffb4c001000 	C:\WINDOWS\System32\KERNEL32.DLL
0x00007ffb4a2c0000 - 0x00007ffb4a533000 	C:\WINDOWS\System32\KERNELBASE.dll
0x00007ffb4d680000 - 0x00007ffb4d721000 	C:\WINDOWS\System32\ADVAPI32.dll
0x00007ffb4b8e0000 - 0x00007ffb4b97e000 	C:\WINDOWS\System32\msvcrt.dll
0x00007ffb4d790000 - 0x00007ffb4d7eb000 	C:\WINDOWS\System32\sechost.dll
0x00007ffb4dd90000 - 0x00007ffb4deb4000 	C:\WINDOWS\System32\RPCRT4.dll
0x00007ffb4b740000 - 0x00007ffb4b8d1000 	C:\WINDOWS\System32\USER32.dll
0x00007ffb4a2a0000 - 0x00007ffb4a2c0000 	C:\WINDOWS\System32\win32u.dll
0x00007ffb4bf20000 - 0x00007ffb4bf48000 	C:\WINDOWS\System32\GDI32.dll
0x00007ffb4b0f0000 - 0x00007ffb4b281000 	C:\WINDOWS\System32\gdi32full.dll
0x00007ffb4a6f0000 - 0x00007ffb4a78f000 	C:\WINDOWS\System32\msvcp_win.dll
0x00007ffb4a5f0000 - 0x00007ffb4a6e8000 	C:\WINDOWS\System32\ucrtbase.dll
0x00007ffb41e70000 - 0x00007ffb420d9000 	C:\WINDOWS\WinSxS\amd64_microsoft.windows.common-controls_6595b64144ccf1df_6.0.17134.1130_none_d3ff42617c90becf\COMCTL32.dll
0x00007ffb4d970000 - 0x00007ffb4dc91000 	C:\WINDOWS\System32\combase.dll
0x00007ffb4b2e0000 - 0x00007ffb4b359000 	C:\WINDOWS\System32\bcryptPrimitives.dll
0x00007ffb4b560000 - 0x00007ffb4b58d000 	C:\WINDOWS\System32\IMM32.DLL
0x0000000054620000 - 0x00000000546f2000 	C:\Program Files\Java\jdk1.8.0_212\jre\bin\msvcr100.dll
0x0000000053d70000 - 0x0000000054615000 	C:\Program Files\Java\jdk1.8.0_212\jre\bin\server\jvm.dll
0x00007ffb4be60000 - 0x00007ffb4be68000 	C:\WINDOWS\System32\PSAPI.DLL
0x00007ffb41230000 - 0x00007ffb41239000 	C:\WINDOWS\SYSTEM32\WSOCK32.dll
0x00007ffb4d460000 - 0x00007ffb4d4cc000 	C:\WINDOWS\System32\WS2_32.dll
0x00007ffb452f0000 - 0x00007ffb452fa000 	C:\WINDOWS\SYSTEM32\VERSION.dll
0x00007ffb42a40000 - 0x00007ffb42a63000 	C:\WINDOWS\SYSTEM32\WINMM.dll
0x00007ffb42a10000 - 0x00007ffb42a3a000 	C:\WINDOWS\SYSTEM32\WINMMBASE.dll
0x00007ffb4b290000 - 0x00007ffb4b2d9000 	C:\WINDOWS\System32\cfgmgr32.dll
0x00007ffb45f50000 - 0x00007ffb45f5f000 	C:\Program Files\Java\jdk1.8.0_212\jre\bin\verify.dll
0x00007ffb38940000 - 0x00007ffb38969000 	C:\Program Files\Java\jdk1.8.0_212\jre\bin\java.dll
0x00007ffb2b990000 - 0x00007ffb2b9c5000 	C:\Program Files\Java\jdk1.8.0_212\jre\bin\jdwp.dll
0x00007ffb45ec0000 - 0x00007ffb45ec8000 	C:\Program Files\Java\jdk1.8.0_212\jre\bin\npt.dll
0x00007ffb44030000 - 0x00007ffb44046000 	C:\Program Files\Java\jdk1.8.0_212\jre\bin\zip.dll
0x00007ffb4c010000 - 0x00007ffb4d455000 	C:\WINDOWS\System32\SHELL32.dll
0x00007ffb4be70000 - 0x00007ffb4bf19000 	C:\WINDOWS\System32\shcore.dll
0x00007ffb4a9e0000 - 0x00007ffb4b0f0000 	C:\WINDOWS\System32\windows.storage.dll
0x00007ffb4d730000 - 0x00007ffb4d781000 	C:\WINDOWS\System32\shlwapi.dll
0x00007ffb4a260000 - 0x00007ffb4a271000 	C:\WINDOWS\System32\kernel.appcore.dll
0x00007ffb4a280000 - 0x00007ffb4a29f000 	C:\WINDOWS\System32\profapi.dll
0x00007ffb4a210000 - 0x00007ffb4a25c000 	C:\WINDOWS\System32\powrprof.dll
0x00007ffb4a200000 - 0x00007ffb4a20a000 	C:\WINDOWS\System32\FLTLIB.DLL
0x00007ffb45eb0000 - 0x00007ffb45eb9000 	C:\Program Files\Java\jdk1.8.0_212\jre\bin\dt_socket.dll
0x00007ffb29100000 - 0x00007ffb29116000 	C:\WINDOWS\system32\napinsp.dll
0x00007ffb290e0000 - 0x00007ffb290fa000 	C:\WINDOWS\system32\pnrpnsp.dll
0x00007ffb45950000 - 0x00007ffb45969000 	C:\WINDOWS\system32\NLAapi.dll
0x00007ffb49a60000 - 0x00007ffb49ac6000 	C:\WINDOWS\System32\mswsock.dll
0x00007ffb497f0000 - 0x00007ffb498ae000 	C:\WINDOWS\SYSTEM32\DNSAPI.dll
0x00007ffb4d670000 - 0x00007ffb4d678000 	C:\WINDOWS\System32\NSI.dll
0x00007ffb497b0000 - 0x00007ffb497e8000 	C:\WINDOWS\SYSTEM32\IPHLPAPI.DLL
0x00007ffb290d0000 - 0x00007ffb290de000 	C:\WINDOWS\System32\winrnr.dll
0x00007ffb290b0000 - 0x00007ffb290c5000 	C:\WINDOWS\System32\wshbth.dll
0x0000000054a30000 - 0x0000000054a56000 	C:\Program Files\Bonjour\mdnsNSP.dll
0x00007ffb427b0000 - 0x00007ffb42822000 	C:\WINDOWS\System32\fwpuclnt.dll
0x00007ffb49d40000 - 0x00007ffb49d65000 	C:\WINDOWS\SYSTEM32\bcrypt.dll
0x00007ffb42140000 - 0x00007ffb4214a000 	C:\Windows\System32\rasadhlp.dll
0x00007ffb45df0000 - 0x00007ffb45dfd000 	C:\Program Files\Java\jdk1.8.0_212\jre\bin\management.dll
0x00007ffb3dd70000 - 0x00007ffb3dd8a000 	C:\Program Files\Java\jdk1.8.0_212\jre\bin\net.dll
0x00007ffb40e00000 - 0x00007ffb40fca000 	C:\WINDOWS\SYSTEM32\urlmon.dll
0x00007ffb40b50000 - 0x00007ffb40df7000 	C:\WINDOWS\SYSTEM32\iertutil.dll
0x00007ffb49c30000 - 0x00007ffb49c3b000 	C:\WINDOWS\SYSTEM32\CRYPTBASE.DLL
0x00007ffb37570000 - 0x00007ffb37582000 	C:\Program Files\Java\jdk1.8.0_212\jre\bin\nio.dll
0x00007ffb49c10000 - 0x00007ffb49c27000 	C:\WINDOWS\SYSTEM32\CRYPTSP.dll
0x00007ffb495b0000 - 0x00007ffb495e3000 	C:\WINDOWS\system32\rsaenh.dll
0x00007ffb4a0e0000 - 0x00007ffb4a108000 	C:\WINDOWS\SYSTEM32\USERENV.dll
0x00007ffb43710000 - 0x00007ffb43726000 	C:\WINDOWS\SYSTEM32\dhcpcsvc6.DLL
0x00007ffb44550000 - 0x00007ffb4456a000 	C:\WINDOWS\SYSTEM32\dhcpcsvc.DLL
0x00007ffb44d80000 - 0x00007ffb44f49000 	C:\WINDOWS\SYSTEM32\dbghelp.dll

VM Arguments:
jvm_args: -agentlib:jdwp=transport=dt_socket,suspend=y,address=localhost:60969 -Dcom.sun.management.jmxremote -Dcom.sun.management.jmxremote.port=60967 -Dcom.sun.management.jmxremote.authenticate=false -Dcom.sun.management.jmxremote.ssl=false -Djava.rmi.server.hostname=localhost -Dspring.jmx.enabled=true -Dspring.application.admin.enabled=true -Xverify:none -XX:TieredStopAtLevel=1 -Dfile.encoding=UTF-8 
java_command: ftn.project.TheClinicSystemApplication
java_class_path (initial): F:\fax\4\isa\TheClinicSystem\target\classes;C:\Users\Erceg\.m2\repository\org\springframework\boot\spring-boot-starter-data-jpa\2.2.0.RELEASE\spring-boot-starter-data-jpa-2.2.0.RELEASE.jar;C:\Users\Erceg\.m2\repository\org\springframework\boot\spring-boot-starter-aop\2.2.0.RELEASE\spring-boot-starter-aop-2.2.0.RELEASE.jar;C:\Users\Erceg\.m2\repository\org\aspectj\aspectjweaver\1.9.4\aspectjweaver-1.9.4.jar;C:\Users\Erceg\.m2\repository\jakarta\activation\jakarta.activation-api\1.2.1\jakarta.activation-api-1.2.1.jar;C:\Users\Erceg\.m2\repository\jakarta\persistence\jakarta.persistence-api\2.2.3\jakarta.persistence-api-2.2.3.jar;C:\Users\Erceg\.m2\repository\jakarta\transaction\jakarta.transaction-api\1.3.3\jakarta.transaction-api-1.3.3.jar;C:\Users\Erceg\.m2\repository\org\hibernate\hibernate-core\5.4.6.Final\hibernate-core-5.4.6.Final.jar;C:\Users\Erceg\.m2\repository\org\jboss\logging\jboss-logging\3.4.1.Final\jboss-logging-3.4.1.Final.jar;C:\Users\Erceg\.m2\repository\org\javassist\javassist\3.24.0-GA\javassist-3.24.0-GA.jar;C:\Users\Erceg\.m2\repository\net\bytebuddy\byte-buddy\1.10.1\byte-buddy-1.10.1.jar;C:\Users\Erceg\.m2\repository\antlr\antlr\2.7.7\antlr-2.7.7.jar;C:\Users\Erceg\.m2\repository\org\jboss\jandex\2.0.5.Final\jandex-2.0.5.Final.jar;C:\Users\Erceg\.m2\repository\com\fasterxml\classmate\1.5.0\classmate-1.5.0.jar;C:\Users\Erceg\.m2\repository\org\dom4j\dom4j\2.1.1\dom4j-2.1.1.jar;C:\Users\Erceg\.m2\repository\org\hibernate\common\hibernate-commons-annotations\5.1.0.Final\hibernate-commons-annotations-5.1.0.Final.jar;C:\Users\Erceg\.m2\repository\org\glassfish\jaxb\jaxb-runtime\2.3.2\jaxb-runtime-2.3.2.jar;C:\Users\Erceg\.m2\repository\org\glassfish\jaxb\txw2\2.3.2\txw2-2.3.2.jar;C:\Users\Erceg\.m2\repository\com\sun\istack\istack-commons-runtime\3.0.8\istack-commons-runtime-3.0.8.jar;C:\Users\Erceg\.m2\repository\org\jvnet\staxex\stax-ex\1.8.1\stax-ex-1.8.1.jar;C:\Users\Erceg\.m2\repository\com\sun\xml\fastinfoset\FastI
Launcher Type: SUN_STANDARD

Environment Variables:
JAVA_HOME=C:\Program Files\Java\jdk-11.0.4
CLASSPATH=.;C:\Program Files (x86)\QuickTime\QTSystem\QTJava.zip
PATH=C:\Program Files\Java\jdk1.8.0_212\jre\bin;C:/Program Files/Java/jdk-11.0.4/bin/server;C:/Program Files/Java/jdk-11.0.4/bin;C:\Program Files\Java\jdk-11.0.4\bin;C:\Program Files\Java\jdk1.8.0_212\bin;C:\Program Files\Java\jdk-12.0.1\bin;C:\Program Files (x86)\Common Files\Oracle\Java\javapath;C:\Program Files (x86)\NVIDIA Corporation\PhysX\Common;C:\WINDOWS\system32;C:\WINDOWS;C:\WINDOWS\System32\Wbem;C:\WINDOWS\System32\WindowsPowerShell\v1.0\;C:\Program Files\MATLAB\R2016b\runtime\win64;C:\Program Files\MATLAB\R2016b\bin;C:\Program Files\MATLAB\R2016b\polyspace\bin;C:\WINDOWS\System32\OpenSSH\;C:\Program Files\dotnet\;C:\Program Files (x86)\QuickTime\QTSystem\;C:\Program Files\MAVEN\apache-maven-3.6.2\bin;C:\Program Files\Microsoft SQL Server\Client SDK\ODBC\130\Tools\Binn\;C:\Program Files (x86)\Microsoft SQL Server\140\Tools\Binn\;C:\Program Files\Microsoft SQL Server\140\Tools\Binn\;C:\Program Files\Microsoft SQL Server\140\DTS\Binn\;C:\Program Files (x86)\Microsoft SQL Server\150\DTS\Binn\;C:\Program Files\Git\cmd;C:\Users\Erceg\AppData\Local\Microsoft\WindowsApps;;C:\Program Files\JetBrains\PyCharm Community Edition 2019.2.3\bin;;C:\Users\Erceg\Desktop;
USERNAME=Erceg
OS=Windows_NT
PROCESSOR_IDENTIFIER=Intel64 Family 6 Model 61 Stepping 4, GenuineIntel



---------------  S Y S T E M  ---------------

OS: Windows 10.0 , 64 bit Build 17134 (10.0.17134.753)

CPU:total 4 (initial active 4) (2 cores per cpu, 2 threads per core) family 6 model 61 stepping 4, cmov, cx8, fxsr, mmx, sse, sse2, sse3, ssse3, sse4.1, sse4.2, popcnt, avx, avx2, aes, clmul, erms, 3dnowpref, lzcnt, ht, tsc, tscinvbit, bmi1, bmi2, adx

Memory: 4k page, physical 4102764k(158392k free), swap 16623832k(4946872k free)

vm_info: Java HotSpot(TM) 64-Bit Server VM (25.212-b10) for windows-amd64 JRE (1.8.0_212-b10), built on Apr  1 2019 22:50:23 by "java_re" with MS VC++ 10.0 (VS2010)

time: Thu Dec 05 01:45:10 2019
timezone: Central Europe Standard Time
elapsed time: 152 seconds (0d 0h 2m 32s)

